SF:lib\providers\authentication\authentication_provider.dart
DA:31,0
DA:33,1
DA:34,2
DA:36,1
DA:40,3
DA:46,3
DA:47,1
DA:48,0
DA:49,0
DA:50,0
DA:52,0
DA:58,0
DA:59,0
DA:60,0
DA:61,0
DA:74,0
DA:76,0
DA:78,0
DA:80,0
DA:83,0
DA:84,0
DA:85,0
DA:86,0
DA:87,0
DA:90,0
DA:91,0
DA:92,0
DA:96,0
DA:97,0
DA:99,0
DA:100,0
DA:101,0
DA:104,0
DA:105,0
DA:106,0
DA:109,0
DA:110,0
DA:112,0
DA:113,0
DA:114,0
DA:115,0
DA:117,0
DA:120,0
DA:121,0
DA:122,0
DA:126,0
DA:127,0
DA:131,0
DA:134,0
DA:135,0
DA:136,0
DA:139,0
DA:140,0
DA:143,0
DA:150,0
DA:152,0
DA:154,0
DA:155,0
DA:159,0
DA:160,0
DA:161,0
DA:164,0
DA:165,0
DA:167,0
DA:168,0
DA:169,0
DA:170,0
DA:171,0
DA:172,0
DA:173,0
DA:174,0
DA:175,0
DA:176,0
DA:180,0
DA:181,0
DA:182,0
DA:183,0
DA:185,0
DA:191,0
DA:192,0
DA:193,0
DA:194,0
DA:195,0
DA:200,0
DA:201,0
DA:202,0
DA:207,0
DA:214,0
DA:215,0
DA:218,0
DA:222,0
DA:224,0
DA:226,0
DA:230,0
DA:236,0
DA:237,0
DA:239,0
DA:242,0
DA:245,0
DA:246,0
DA:247,0
DA:249,0
LF:102
LH:6
end_of_record
SF:lib\providers\chat\chat_provider.dart
DA:27,1
DA:28,1
DA:29,1
DA:32,0
DA:34,0
DA:36,1
DA:37,1
DA:38,4
DA:41,0
DA:43,0
DA:45,1
DA:46,1
DA:47,4
DA:50,0
DA:51,0
DA:52,0
DA:90,1
DA:96,0
DA:98,0
DA:100,0
DA:102,0
DA:103,0
DA:105,0
DA:106,0
DA:108,0
DA:109,0
DA:111,0
DA:112,0
DA:113,0
DA:116,1
DA:120,1
DA:121,1
DA:122,1
DA:124,2
DA:125,2
DA:126,2
DA:127,2
DA:128,2
DA:129,2
DA:130,1
DA:131,2
DA:132,3
DA:135,4
DA:138,1
DA:139,2
DA:141,0
DA:142,0
DA:147,2
DA:149,1
DA:150,0
DA:151,0
DA:156,1
DA:159,3
DA:162,1
DA:164,3
DA:167,1
DA:168,3
DA:171,1
DA:172,2
DA:174,2
DA:175,2
DA:177,5
DA:178,0
DA:179,0
DA:183,1
DA:184,6
DA:185,1
DA:187,1
DA:188,1
DA:189,5
DA:191,3
DA:194,2
DA:195,4
DA:196,2
DA:200,0
DA:201,0
DA:207,6
DA:208,2
DA:209,2
DA:210,2
DA:214,3
DA:215,7
DA:219,3
DA:220,0
DA:221,0
DA:222,0
DA:226,0
DA:228,0
DA:230,0
DA:231,0
DA:233,0
DA:234,0
DA:235,0
DA:236,0
DA:237,0
DA:238,0
DA:240,0
DA:241,0
DA:242,0
DA:244,0
DA:248,0
DA:249,0
DA:250,0
DA:251,0
DA:253,0
DA:254,0
DA:255,0
DA:257,0
DA:261,0
DA:262,0
DA:267,0
DA:268,0
DA:269,0
DA:270,0
DA:274,0
DA:275,0
DA:279,0
DA:280,0
DA:283,0
DA:284,0
DA:288,0
DA:291,1
DA:293,2
DA:294,3
DA:295,2
DA:296,0
DA:297,0
DA:305,1
DA:306,1
DA:307,0
DA:309,0
DA:310,0
DA:311,0
DA:317,2
DA:320,1
DA:322,0
DA:325,1
DA:326,1
DA:327,1
DA:329,1
DA:330,0
DA:331,0
DA:335,1
DA:337,0
DA:339,1
DA:341,0
DA:343,1
DA:345,0
DA:349,1
DA:351,0
DA:352,0
DA:353,0
DA:354,0
DA:358,1
DA:360,0
DA:361,0
DA:362,0
DA:363,0
DA:364,0
DA:370,1
DA:371,0
DA:372,0
DA:373,0
DA:375,0
DA:378,0
DA:379,0
DA:380,0
DA:385,1
DA:386,0
DA:388,0
DA:390,0
DA:391,0
DA:392,0
DA:393,0
DA:394,0
DA:395,0
DA:398,0
DA:399,0
DA:400,0
DA:401,0
DA:403,0
DA:404,0
DA:408,0
DA:409,0
DA:413,1
DA:414,0
DA:415,0
DA:418,0
DA:421,1
DA:422,0
DA:426,0
DA:427,0
DA:428,0
DA:429,0
DA:433,0
DA:434,0
DA:437,0
DA:440,0
DA:441,0
DA:444,0
DA:447,0
DA:448,0
DA:449,0
DA:453,0
DA:454,0
DA:455,0
DA:456,0
DA:459,0
DA:463,0
DA:465,0
DA:467,0
DA:470,0
DA:471,0
DA:477,1
DA:478,2
DA:479,3
DA:480,2
DA:482,1
DA:483,0
DA:484,3
DA:485,1
DA:486,3
DA:487,4
DA:488,4
DA:489,2
DA:491,1
DA:493,2
DA:497,2
DA:498,0
DA:499,0
DA:500,0
DA:503,0
DA:504,1
DA:506,4
DA:509,1
DA:510,1
DA:513,1
DA:514,4
DA:515,3
DA:517,1
DA:518,1
DA:520,1
DA:521,1
DA:522,3
DA:527,2
DA:528,1
DA:530,1
DA:531,1
DA:532,1
DA:533,2
DA:534,2
DA:540,2
DA:543,1
DA:544,3
DA:545,3
DA:547,1
DA:549,1
DA:552,1
DA:555,1
DA:558,1
DA:561,2
DA:564,0
DA:565,0
DA:566,0
DA:568,0
DA:570,0
DA:571,0
DA:572,0
DA:575,0
DA:579,1
DA:580,3
DA:581,3
DA:582,1
DA:584,2
DA:585,1
DA:587,1
DA:588,1
DA:590,2
DA:591,2
DA:596,1
DA:599,0
DA:600,0
DA:601,0
DA:602,0
DA:604,0
DA:605,0
DA:608,0
DA:611,0
DA:614,0
DA:616,0
DA:617,0
DA:618,0
DA:619,0
DA:620,0
DA:621,0
DA:622,0
DA:624,0
DA:625,0
DA:626,0
DA:627,0
DA:628,0
DA:629,0
DA:631,0
DA:633,0
DA:635,0
DA:636,0
DA:637,0
DA:639,0
LF:308
LH:131
end_of_record
SF:lib\providers\database\database_provider.dart
DA:15,0
DA:16,0
DA:18,0
DA:19,0
DA:20,0
DA:23,0
DA:26,0
DA:29,0
DA:30,0
DA:32,0
DA:33,0
DA:36,0
DA:37,0
DA:41,0
DA:42,0
DA:46,0
DA:51,0
DA:54,0
DA:55,0
DA:56,0
DA:57,0
DA:60,0
LF:22
LH:0
end_of_record
SF:lib\providers\notification\notification_provider.dart
DA:15,0
DA:22,0
DA:30,0
DA:32,0
DA:33,0
DA:34,0
DA:36,0
DA:37,0
DA:38,0
DA:46,0
DA:47,0
DA:49,0
DA:51,0
DA:56,0
DA:61,0
DA:62,0
DA:67,0
DA:68,0
DA:69,0
DA:70,0
DA:71,0
DA:72,0
DA:73,0
DA:74,0
DA:79,0
DA:80,0
DA:82,0
DA:83,0
DA:91,0
DA:94,0
DA:95,0
DA:96,0
DA:99,0
DA:102,0
DA:104,0
DA:108,0
DA:109,0
DA:110,0
DA:111,0
DA:112,0
DA:113,0
DA:116,0
DA:118,0
DA:119,0
DA:120,0
DA:121,0
DA:125,0
DA:128,0
DA:129,0
DA:130,0
DA:131,0
DA:137,0
DA:145,0
DA:146,0
DA:154,0
DA:155,0
DA:156,0
DA:159,0
DA:169,0
DA:173,0
DA:175,0
DA:176,0
LF:62
LH:0
end_of_record
SF:lib\models\chat\contact_mentor.g.dart
DA:9,1
DA:10,1
DA:11,1
DA:12,1
DA:14,0
DA:15,0
DA:17,1
DA:18,2
DA:19,1
DA:20,2
DA:22,2
DA:23,2
DA:25,1
DA:26,1
DA:27,2
DA:29,2
DA:30,2
DA:32,1
DA:33,2
DA:37,1
DA:38,1
DA:39,1
DA:40,1
DA:41,1
DA:42,2
DA:43,5
DA:44,1
DA:45,2
DA:48,1
DA:54,0
DA:55,0
DA:58,1
DA:59,4
DA:60,1
DA:63,0
DA:64,0
DA:69,1
DA:77,1
LF:38
LH:32
end_of_record
SF:lib\models\chat\contact_mentor.dart
DA:9,4
DA:23,1
DA:33,1
DA:34,1
DA:35,1
DA:36,1
DA:37,1
DA:38,1
DA:39,1
DA:41,1
DA:44,1
DA:45,3
DA:46,3
DA:48,0
DA:49,0
DA:51,1
DA:52,7
DA:57,1
DA:58,1
DA:60,2
DA:62,1
DA:63,1
LF:22
LH:20
end_of_record
SF:lib\models\users\answer.g.dart
DA:9,1
DA:10,1
DA:11,1
DA:12,1
DA:13,1
DA:17,2
DA:18,1
DA:19,1
DA:20,1
LF:9
LH:9
end_of_record
SF:lib\models\users\answer.dart
DA:13,1
DA:22,2
DA:24,2
LF:3
LH:3
end_of_record
SF:lib\models\users\user_minimal.dart
DA:13,0
DA:20,0
DA:24,0
DA:25,0
DA:27,0
LF:5
LH:0
end_of_record
SF:lib\models\users\user_minimal.g.dart
DA:9,0
DA:10,0
DA:11,0
DA:12,0
DA:13,0
DA:14,0
DA:18,0
DA:19,0
DA:20,0
DA:21,0
DA:22,0
DA:23,0
LF:12
LH:0
end_of_record
SF:lib\models\chat\message.g.dart
DA:9,1
DA:10,1
DA:11,1
DA:12,1
DA:13,1
DA:14,1
DA:15,2
DA:16,1
DA:20,2
DA:21,1
DA:22,1
DA:23,1
DA:24,1
DA:25,2
DA:26,1
LF:15
LH:15
end_of_record
SF:lib\models\chat\message.dart
DA:17,1
DA:26,0
DA:29,0
DA:30,0
DA:31,0
DA:36,1
DA:37,1
DA:39,2
DA:41,1
DA:42,1
LF:10
LH:6
end_of_record
SF:lib\helpers\http_request_wrapper.dart
DA:6,4
DA:11,1
DA:13,1
DA:22,1
DA:24,0
DA:26,1
DA:27,3
DA:29,0
DA:31,0
DA:38,0
DA:39,0
DA:40,0
DA:47,1
DA:60,0
DA:61,0
DA:65,1
DA:66,0
DA:70,2
DA:77,2
DA:78,1
DA:82,0
DA:84,0
DA:85,0
DA:86,0
DA:89,0
LF:25
LH:11
end_of_record
SF:lib\models\exceptions\something_went_wrong_exception.dart
DA:4,0
DA:6,0
DA:7,0
DA:11,0
LF:4
LH:0
end_of_record
SF:lib\models\exceptions\no_internet_exception.dart
DA:4,0
DA:6,0
DA:7,0
LF:3
LH:0
end_of_record
SF:lib\models\exceptions\login\incorrect_email_or_password_exception.dart
DA:6,0
DA:8,0
DA:10,0
DA:11,0
LF:4
LH:0
end_of_record
SF:lib\models\login\login_form_model.dart
DA:9,0
DA:10,0
DA:11,0
DA:13,0
DA:14,0
LF:5
LH:0
end_of_record
SF:lib\models\exceptions\login\login_exception.dart
DA:5,0
DA:7,0
DA:8,0
DA:10,0
LF:4
LH:0
end_of_record
SF:lib\models\exceptions\registration\already_used_email_exception.dart
DA:6,0
DA:8,0
DA:10,0
LF:3
LH:0
end_of_record
SF:lib\models\registration\sign_up_form_model.dart
DA:15,0
DA:16,0
DA:17,0
DA:18,0
DA:19,0
DA:20,0
DA:22,0
DA:23,0
DA:24,0
DA:25,0
DA:26,0
LF:11
LH:0
end_of_record
SF:lib\models\exceptions\registration\registration_exception.dart
DA:5,0
DA:7,0
DA:8,0
DA:10,0
LF:4
LH:0
end_of_record
SF:lib\models\exceptions\registration\company_exception.dart
DA:5,0
DA:7,0
DA:9,0
LF:3
LH:0
end_of_record
SF:lib\models\exceptions\registration\email_exception.dart
DA:5,0
DA:7,0
DA:9,0
LF:3
LH:0
end_of_record
SF:lib\models\exceptions\registration\name_exception.dart
DA:5,0
DA:7,0
DA:9,0
LF:3
LH:0
end_of_record
SF:lib\models\exceptions\registration\password_exception.dart
DA:5,0
DA:6,0
DA:8,0
DA:10,0
LF:4
LH:0
end_of_record
SF:lib\models\exceptions\registration\surname_exception.dart
DA:6,0
DA:8,0
DA:10,0
LF:3
LH:0
end_of_record
SF:lib\providers\authentication\types\authentication_mode.dart
DA:15,3
DA:17,1
DA:18,1
DA:23,0
DA:24,0
DA:30,1
DA:35,0
DA:41,1
DA:46,2
DA:47,3
DA:49,0
DA:55,0
LF:12
LH:7
end_of_record
SF:lib\providers\authentication\types\authentication_with_credentials.dart
DA:11,1
DA:14,1
DA:20,0
DA:21,0
DA:24,0
DA:25,0
DA:26,0
DA:29,0
DA:33,0
DA:34,0
DA:35,0
DA:38,0
DA:39,0
DA:44,0
DA:45,0
DA:49,0
LF:16
LH:2
end_of_record
SF:lib\providers\authentication\types\authentication_with_google.dart
DA:14,0
DA:17,0
DA:21,0
DA:25,0
DA:33,0
DA:34,0
DA:44,0
DA:45,0
DA:52,0
DA:53,0
DA:56,0
DA:57,0
DA:59,0
DA:60,0
DA:61,0
DA:64,0
DA:65,0
DA:69,0
DA:71,0
DA:72,0
DA:73,0
DA:74,0
DA:77,0
DA:80,0
DA:86,0
DA:88,0
DA:89,0
DA:90,0
DA:91,0
DA:92,0
DA:93,0
DA:97,0
DA:98,0
DA:105,0
LF:34
LH:0
end_of_record
